<?xml version="1.0" encoding="UTF-8"?>
<testsuite name="com.innostudy.book.web.controller.PostsApiControllerTest" tests="2" skipped="0" failures="0" errors="0" timestamp="2022-10-08T21:36:06" hostname="DESKTOP-MK8PJMP" time="0.094">
  <properties/>
  <testcase name="Posts_등록된다" classname="com.innostudy.book.web.controller.PostsApiControllerTest" time="0.075"/>
  <testcase name="Posts_수정된다" classname="com.innostudy.book.web.controller.PostsApiControllerTest" time="0.019"/>
  <system-out><![CDATA[2022-10-09 06:36:06.006  INFO 7444 --- [    Test worker] .b.t.c.SpringBootTestContextBootstrapper : Neither @ContextConfiguration nor @ContextHierarchy found for test class [com.innostudy.book.web.controller.PostsApiControllerTest], using SpringBootContextLoader
2022-10-09 06:36:06.007  INFO 7444 --- [    Test worker] o.s.t.c.support.AbstractContextLoader    : Could not detect default resource locations for test class [com.innostudy.book.web.controller.PostsApiControllerTest]: no resource found for suffixes {-context.xml, Context.groovy}.
2022-10-09 06:36:06.007  INFO 7444 --- [    Test worker] t.c.s.AnnotationConfigContextLoaderUtils : Could not detect default configuration classes for test class [com.innostudy.book.web.controller.PostsApiControllerTest]: PostsApiControllerTest does not declare any static, non-private, non-final, nested classes annotated with @Configuration.
2022-10-09 06:36:06.009  INFO 7444 --- [    Test worker] .b.t.c.SpringBootTestContextBootstrapper : Found @SpringBootConfiguration com.innostudy.book.Application for test class com.innostudy.book.web.controller.PostsApiControllerTest
2022-10-09 06:36:06.010  INFO 7444 --- [    Test worker] .b.t.c.SpringBootTestContextBootstrapper : Loaded default TestExecutionListener class names from location [META-INF/spring.factories]: [org.springframework.security.test.context.support.WithSecurityContextTestExecutionListener, org.springframework.security.test.context.support.ReactorContextTestExecutionListener, org.springframework.boot.test.autoconfigure.restdocs.RestDocsTestExecutionListener, org.springframework.boot.test.autoconfigure.web.client.MockRestServiceServerResetTestExecutionListener, org.springframework.boot.test.autoconfigure.web.servlet.MockMvcPrintOnlyOnFailureTestExecutionListener, org.springframework.boot.test.autoconfigure.web.servlet.WebDriverTestExecutionListener, org.springframework.boot.test.mock.mockito.MockitoTestExecutionListener, org.springframework.boot.test.mock.mockito.ResetMocksTestExecutionListener, org.springframework.test.context.web.ServletTestExecutionListener, org.springframework.test.context.support.DirtiesContextBeforeModesTestExecutionListener, org.springframework.test.context.support.DependencyInjectionTestExecutionListener, org.springframework.test.context.support.DirtiesContextTestExecutionListener, org.springframework.test.context.transaction.TransactionalTestExecutionListener, org.springframework.test.context.jdbc.SqlScriptsTestExecutionListener]
2022-10-09 06:36:06.012  INFO 7444 --- [    Test worker] .b.t.c.SpringBootTestContextBootstrapper : Using TestExecutionListeners: [org.springframework.test.context.web.ServletTestExecutionListener@4ec410b7, org.springframework.test.context.support.DirtiesContextBeforeModesTestExecutionListener@13285fa6, org.springframework.boot.test.mock.mockito.MockitoTestExecutionListener@78e6e55d, org.springframework.boot.test.autoconfigure.SpringBootDependencyInjectionTestExecutionListener@6696fd9d, org.springframework.test.context.support.DirtiesContextTestExecutionListener@8390850, org.springframework.test.context.transaction.TransactionalTestExecutionListener@59bdb39e, org.springframework.test.context.jdbc.SqlScriptsTestExecutionListener@163e79f9, org.springframework.security.test.context.support.WithSecurityContextTestExecutionListener@471514b6, org.springframework.security.test.context.support.ReactorContextTestExecutionListener@7aeef8c, org.springframework.boot.test.autoconfigure.restdocs.RestDocsTestExecutionListener@333b9da4, org.springframework.boot.test.autoconfigure.web.client.MockRestServiceServerResetTestExecutionListener@562fdb8b, org.springframework.boot.test.autoconfigure.web.servlet.MockMvcPrintOnlyOnFailureTestExecutionListener@3970d55c, org.springframework.boot.test.autoconfigure.web.servlet.WebDriverTestExecutionListener@49528f71, org.springframework.boot.test.mock.mockito.ResetMocksTestExecutionListener@266bfd42]
2022-10-09 06:36:06.020  INFO 7444 --- [    Test worker] o.a.c.c.C.[Tomcat].[localhost].[/]       : Initializing Spring TestDispatcherServlet ''
2022-10-09 06:36:06.020  INFO 7444 --- [    Test worker] o.s.t.web.servlet.TestDispatcherServlet  : Initializing Servlet ''
2022-10-09 06:36:06.022  INFO 7444 --- [    Test worker] o.s.t.web.servlet.TestDispatcherServlet  : Completed initialization in 2 ms
Hibernate: insert into posts (created_date, modified_date, author, content, title) values (?, ?, ?, ?, ?)
Hibernate: select posts0_.id as id1_0_, posts0_.created_date as created_2_0_, posts0_.modified_date as modified3_0_, posts0_.author as author4_0_, posts0_.content as content5_0_, posts0_.title as title6_0_ from posts posts0_
Hibernate: select posts0_.id as id1_0_, posts0_.created_date as created_2_0_, posts0_.modified_date as modified3_0_, posts0_.author as author4_0_, posts0_.content as content5_0_, posts0_.title as title6_0_ from posts posts0_
Hibernate: delete from posts where id=?
2022-10-09 06:36:06.091  INFO 7444 --- [    Test worker] o.a.c.c.C.[Tomcat].[localhost].[/]       : Initializing Spring TestDispatcherServlet ''
2022-10-09 06:36:06.091  INFO 7444 --- [    Test worker] o.s.t.web.servlet.TestDispatcherServlet  : Initializing Servlet ''
2022-10-09 06:36:06.092  INFO 7444 --- [    Test worker] o.s.t.web.servlet.TestDispatcherServlet  : Completed initialization in 1 ms
Hibernate: insert into posts (created_date, modified_date, author, content, title) values (?, ?, ?, ?, ?)
Hibernate: select posts0_.id as id1_0_0_, posts0_.created_date as created_2_0_0_, posts0_.modified_date as modified3_0_0_, posts0_.author as author4_0_0_, posts0_.content as content5_0_0_, posts0_.title as title6_0_0_ from posts posts0_ where posts0_.id=?
Hibernate: update posts set created_date=?, modified_date=?, author=?, content=?, title=? where id=?
Hibernate: select posts0_.id as id1_0_, posts0_.created_date as created_2_0_, posts0_.modified_date as modified3_0_, posts0_.author as author4_0_, posts0_.content as content5_0_, posts0_.title as title6_0_ from posts posts0_
Hibernate: select posts0_.id as id1_0_, posts0_.created_date as created_2_0_, posts0_.modified_date as modified3_0_, posts0_.author as author4_0_, posts0_.content as content5_0_, posts0_.title as title6_0_ from posts posts0_
Hibernate: delete from posts where id=?
]]></system-out>
  <system-err><![CDATA[]]></system-err>
</testsuite>
